<?xml version="1.0" encoding="utf-8"?><testsuites name="pytest tests"><testsuite name="pytest" errors="0" failures="0" skipped="0" tests="74" time="12.206" timestamp="2026-06-29T12:31:12.364281+07:00" hostname="Mac-mini-cua-Khoi.local"><testcase classname="tests.e2e.test_tier1_feature_coverage" name="test_f1_upload_text_file" time="0.023" /><testcase classname="tests.e2e.test_tier1_feature_coverage" name="test_f1_upload_file_with_project_id" time="0.015" /><testcase classname="tests.e2e.test_tier1_feature_coverage" name="test_f1_ingest_general_url" time="0.004" /><testcase classname="tests.e2e.test_tier1_feature_coverage" name="test_f1_ingest_youtube_url" time="0.004" /><testcase classname="tests.e2e.test_tier1_feature_coverage" name="test_f1_delete_document" time="0.005" /><testcase classname="tests.e2e.test_tier1_feature_coverage" name="test_f2_generate_project_roadmap" time="1.975" /><testcase classname="tests.e2e.test_tier1_feature_coverage" name="test_f2_get_empty_project_roadmap" time="0.009" /><testcase classname="tests.e2e.test_tier1_feature_coverage" name="test_f2_generate_standalone_document_roadmap" time="0.430" /><testcase classname="tests.e2e.test_tier1_feature_coverage" name="test_f2_get_empty_document_roadmap" time="0.003" /><testcase classname="tests.e2e.test_tier1_feature_coverage" name="test_f2_get_project_roadmap_items" time="0.451" /><testcase classname="tests.e2e.test_tier1_feature_coverage" name="test_f2_roadmap_item_interactivity" time="0.473" /><testcase classname="tests.e2e.test_tier1_feature_coverage" name="test_f3_generate_quiz_from_text" time="1.544" /><testcase classname="tests.e2e.test_tier1_feature_coverage" name="test_f3_submit_quiz_score" time="0.008" /><testcase classname="tests.e2e.test_tier1_feature_coverage" name="test_f3_get_document_progress_default" time="0.123" /><testcase classname="tests.e2e.test_tier1_feature_coverage" name="test_f3_quiz_submission_updates_progress" time="0.011" /><testcase classname="tests.e2e.test_tier1_feature_coverage" name="test_f3_generate_quiz_from_document" time="0.010" /><testcase classname="tests.e2e.test_tier1_feature_coverage" name="test_f4_generate_learning_path" time="0.189" /><testcase classname="tests.e2e.test_tier1_feature_coverage" name="test_f4_generate_suggestions" time="0.005" /><testcase classname="tests.e2e.test_tier1_feature_coverage" name="test_f4_generate_concept_map" time="0.315" /><testcase classname="tests.e2e.test_tier1_feature_coverage" name="test_f4_generate_exam_prep" time="0.008" /><testcase classname="tests.e2e.test_tier1_feature_coverage" name="test_f4_generate_study_plan" time="0.005" /><testcase classname="tests.e2e.test_tier1_feature_coverage" name="test_f5_generate_flashcards" time="0.125" /><testcase classname="tests.e2e.test_tier1_feature_coverage" name="test_f5_get_due_flashcards" time="0.003" /><testcase classname="tests.e2e.test_tier1_feature_coverage" name="test_f5_review_flashcard_updates_state" time="0.004" /><testcase classname="tests.e2e.test_tier1_feature_coverage" name="test_f5_spaced_repetition_logic" time="0.002" /><testcase classname="tests.e2e.test_tier1_feature_coverage" name="test_f5_flashcard_project_context" time="0.011" /><testcase classname="tests.e2e.test_tier1_feature_coverage" name="test_f6_project_invite_member" time="0.007" /><testcase classname="tests.e2e.test_tier1_feature_coverage" name="test_f6_project_list_members" time="0.008" /><testcase classname="tests.e2e.test_tier1_feature_coverage" name="test_f6_document_invite_member" time="0.006" /><testcase classname="tests.e2e.test_tier1_feature_coverage" name="test_f6_document_list_members" time="0.007" /><testcase classname="tests.e2e.test_tier1_feature_coverage" name="test_f6_invite_multiple_roles" time="0.007" /><testcase classname="tests.e2e.test_tier2_boundary_corner" name="test_f1_upload_empty_file" time="0.004" /><testcase classname="tests.e2e.test_tier2_boundary_corner" name="test_f1_ingest_invalid_url" time="0.004" /><testcase classname="tests.e2e.test_tier2_boundary_corner" name="test_f1_upload_large_content" time="0.004" /><testcase classname="tests.e2e.test_tier2_boundary_corner" name="test_f1_upload_unicode_characters" time="0.005" /><testcase classname="tests.e2e.test_tier2_boundary_corner" name="test_f1_delete_non_existent_document" time="0.001" /><testcase classname="tests.e2e.test_tier2_boundary_corner" name="test_f2_generate_roadmap_empty_topic" time="0.438" /><testcase classname="tests.e2e.test_tier2_boundary_corner" name="test_f2_generate_project_roadmap_not_found" time="0.003" /><testcase classname="tests.e2e.test_tier2_boundary_corner" name="test_f2_generate_document_roadmap_not_found" time="0.002" /><testcase classname="tests.e2e.test_tier2_boundary_corner" name="test_f2_generate_roadmap_overwrite" time="0.900" /><testcase classname="tests.e2e.test_tier2_boundary_corner" name="test_f2_generate_roadmap_invalid_key" time="0.428" /><testcase classname="tests.e2e.test_tier2_boundary_corner" name="test_f2_update_roadmap_item_non_existent" time="0.003" /><testcase classname="tests.e2e.test_tier2_boundary_corner" name="test_f2_update_roadmap_item_toggling" time="0.445" /><testcase classname="tests.e2e.test_tier2_boundary_corner" name="test_f3_generate_quiz_empty_text" time="0.002" /><testcase classname="tests.e2e.test_tier2_boundary_corner" name="test_f3_generate_quiz_invalid_document_id" time="0.006" /><testcase classname="tests.e2e.test_tier2_boundary_corner" name="test_f3_submit_quiz_out_of_bounds_score" time="0.007" /><testcase classname="tests.e2e.test_tier2_boundary_corner" name="test_f3_submit_quiz_invalid_document_id" time="0.001" /><testcase classname="tests.e2e.test_tier2_boundary_corner" name="test_f3_get_progress_non_existent_document" time="0.001" /><testcase classname="tests.e2e.test_tier2_boundary_corner" name="test_f4_generate_path_empty_topic" time="0.002" /><testcase classname="tests.e2e.test_tier2_boundary_corner" name="test_f4_generate_suggestions_empty_text" time="0.001" /><testcase classname="tests.e2e.test_tier2_boundary_corner" name="test_f4_generate_concept_map_empty_text" time="0.318" /><testcase classname="tests.e2e.test_tier2_boundary_corner" name="test_f4_search_materials_empty_query" time="0.004" /><testcase classname="tests.e2e.test_tier2_boundary_corner" name="test_f4_generate_notes_empty_text" time="0.561" /><testcase classname="tests.e2e.test_tier2_boundary_corner" name="test_f5_generate_flashcards_empty_text" time="0.003" /><testcase classname="tests.e2e.test_tier2_boundary_corner" name="test_f5_review_non_existent_card" time="0.002" /><testcase classname="tests.e2e.test_tier2_boundary_corner" name="test_f5_review_invalid_quality" time="0.002" /><testcase classname="tests.e2e.test_tier2_boundary_corner" name="test_f5_review_minimum_ease" time="0.002" /><testcase classname="tests.e2e.test_tier2_boundary_corner" name="test_f5_flashcard_generation_invalid_project" time="0.006" /><testcase classname="tests.e2e.test_tier2_boundary_corner" name="test_f6_invite_non_existent_project" time="0.002" /><testcase classname="tests.e2e.test_tier2_boundary_corner" name="test_f6_invite_non_existent_document" time="0.001" /><testcase classname="tests.e2e.test_tier2_boundary_corner" name="test_f6_invite_invalid_email_format" time="0.006" /><testcase classname="tests.e2e.test_tier2_boundary_corner" name="test_f6_list_members_non_existent_project" time="0.001" /><testcase classname="tests.e2e.test_tier2_boundary_corner" name="test_f6_invite_idempotency" time="0.007" /><testcase classname="tests.e2e.test_tier3_cross_feature" name="test_t3_ingest_to_quiz_to_progress" time="0.016" /><testcase classname="tests.e2e.test_tier3_cross_feature" name="test_t3_project_ingest_roadmap_studyplan" time="0.495" /><testcase classname="tests.e2e.test_tier3_cross_feature" name="test_t3_ingest_flashcards_spaced_repetition" time="0.013" /><testcase classname="tests.e2e.test_tier3_cross_feature" name="test_t3_collaboration_project_sharing" time="0.011" /><testcase classname="tests.e2e.test_tier3_cross_feature" name="test_t3_ingest_concept_map_suggestions" time="0.319" /><testcase classname="tests.e2e.test_tier3_cross_feature" name="test_t3_standalone_document_flow" time="0.442" /><testcase classname="tests.e2e.test_tier4_real_world" name="test_t4_full_study_cycle" time="0.456" /><testcase classname="tests.e2e.test_tier4_real_world" name="test_t4_collaborative_exam_prep" time="0.648" /><testcase classname="tests.e2e.test_tier4_real_world" name="test_t4_spaced_repetition_mastery" time="0.015" /><testcase classname="tests.e2e.test_tier4_real_world" name="test_t4_offline_fallback" time="0.330" /><testcase classname="tests.e2e.test_tier4_real_world" name="test_t4_standalone_document_workspace" time="0.467" /></testsuite></testsuites>